
Showing logs for build [32msdaschner-zero-downtime-kuberne-hcwzm-5[0m stage [32mfrom-build-pack[0m and container [32mstep-credential-initializer-8hj9d[0m
{"level":"warn","ts":1569836621.1194546,"logger":"fallback-logger","caller":"logging/config.go:69","msg":"Fetch GitHub commit ID from kodata failed: \"ref: refs/heads/master\" is not a valid GitHub commit ID"}
{"level":"info","ts":1569836621.11996,"logger":"fallback-logger","caller":"creds-init/main.go:40","msg":"Credentials initialized."}

Showing logs for build [32msdaschner-zero-downtime-kuberne-hcwzm-5[0m stage [32mfrom-build-pack[0m and container [32mstep-working-dir-initializer-cqdxh[0m
{"level":"warn","ts":1569836622.5134528,"logger":"fallback-logger","caller":"logging/config.go:69","msg":"Fetch GitHub commit ID from kodata failed: open /var/run/ko/HEAD: no such file or directory"}
{"level":"info","ts":1569836622.5165524,"logger":"fallback-logger","caller":"bash/main.go:65","msg":"Successfully executed command \"mkdir -p /workspace/source /workspace/source/charts/zero-downtime-kubernetes\""}

Showing logs for build [32msdaschner-zero-downtime-kuberne-hcwzm-5[0m stage [32mfrom-build-pack[0m and container [32mstep-place-tools[0m

Showing logs for build [32msdaschner-zero-downtime-kuberne-hcwzm-5[0m stage [32mfrom-build-pack[0m and container [32mstep-git-source-sdaschner-zero-downtime-kuberne-rpmw2[0m
{"level":"warn","ts":1569836631.7063115,"logger":"fallback-logger","caller":"logging/config.go:69","msg":"Fetch GitHub commit ID from kodata failed: \"ref: refs/heads/master\" is not a valid GitHub commit ID"}
{"level":"info","ts":1569836632.8351703,"logger":"fallback-logger","caller":"git/git.go:102","msg":"Successfully cloned https://github.com/*********/zero-downtime-kubernetes.git @ v1.0.4 in path /workspace/source"}

Showing logs for build [32msdaschner-zero-downtime-kuberne-hcwzm-5[0m stage [32mfrom-build-pack[0m and container [32mstep-git-merge[0m
Using SHAs from PULL_REFS=master:921bfbafacd9effd72dbdf0e31352f6567035245
WARNING: no SHAs to merge, falling back to initial cloned commit

Showing logs for build [32msdaschner-zero-downtime-kuberne-hcwzm-5[0m stage [32mfrom-build-pack[0m and container [32mstep-setup-jx-git-credentials[0m
Generated Git credentials file /workspace/xdg_config/git/credentials

Showing logs for build [32msdaschner-zero-downtime-kuberne-hcwzm-5[0m stage [32mfrom-build-pack[0m and container [32mstep-build-mvn-deploy[0m
Picked up _JAVA_OPTIONS: -XX:+UnlockExperimentalVMOptions -Dsun.zip.disableMemoryMapping=true -XX:+UseParallelGC -XX:MinHeapFreeRatio=5 -XX:MaxHeapFreeRatio=10 -XX:GCTimeRatio=4 -XX:AdaptiveSizePolicyWeight=90 -Xms10m -Xmx192m
[INFO] Scanning for projects...
[INFO] 
[INFO] ----------------< com.sebastian-daschner:zero-downtime >----------------
[INFO] Building zero-downtime 1.0.4
[INFO] --------------------------------[ war ]---------------------------------
[INFO] 
[INFO] --- maven-clean-plugin:2.5:clean (default-clean) @ zero-downtime ---
[INFO] 
[INFO] --- maven-resources-plugin:2.6:resources (default-resources) @ zero-downtime ---
[INFO] Using 'UTF-8' encoding to copy filtered resources.
[INFO] skip non existing resourceDirectory /workspace/source/src/main/resources
[INFO] 
[INFO] --- maven-compiler-plugin:3.1:compile (default-compile) @ zero-downtime ---
[INFO] Changes detected - recompiling the module!
[INFO] Compiling 3 source files to /workspace/source/target/classes
[INFO] 
[INFO] --- maven-resources-plugin:2.6:testResources (default-testResources) @ zero-downtime ---
[INFO] Using 'UTF-8' encoding to copy filtered resources.
[INFO] skip non existing resourceDirectory /workspace/source/src/test/resources
[INFO] 
[INFO] --- maven-compiler-plugin:3.1:testCompile (default-testCompile) @ zero-downtime ---
[INFO] No sources to compile
[INFO] 
[INFO] --- maven-surefire-plugin:3.0.0-M1:test (default-test) @ zero-downtime ---
[INFO] No tests to run.
[INFO] 
[INFO] --- maven-war-plugin:3.2.2:war (default-war) @ zero-downtime ---
[INFO] Packaging webapp
[INFO] Assembling webapp [zero-downtime] in [/workspace/source/target/coffee-shop]
[INFO] Processing war project
[INFO] Webapp assembled in [82 msecs]
[INFO] Building war: /workspace/source/target/coffee-shop.war
[INFO] 
[INFO] --- maven-install-plugin:2.4:install (default-install) @ zero-downtime ---
[INFO] Installing /workspace/source/target/coffee-shop.war to /home/jenkins/.mvnrepository/com/sebastian-daschner/zero-downtime/1.0.4/zero-downtime-1.0.4.war
[INFO] Installing /workspace/source/pom.xml to /home/jenkins/.mvnrepository/com/sebastian-daschner/zero-downtime/1.0.4/zero-downtime-1.0.4.pom
[INFO] 
[INFO] --- maven-deploy-plugin:2.8.2:deploy (default-deploy) @ zero-downtime ---
[INFO] Using alternate deployment repository local-nexus::default::http://nexus/repository/maven-releases/
[INFO] ------------------------------------------------------------------------
[INFO] BUILD SUCCESS
[INFO] ------------------------------------------------------------------------
[INFO] Total time:  14.535 s
[INFO] Finished at: 2019-09-30T09:44:12Z
[INFO] ------------------------------------------------------------------------

Showing logs for build [32msdaschner-zero-downtime-kuberne-hcwzm-5[0m stage [32mfrom-build-pack[0m and container [32mstep-build-skaffold-version[0m
v0.37.0

Showing logs for build [32msdaschner-zero-downtime-kuberne-hcwzm-5[0m stage [32mfrom-build-pack[0m and container [32mstep-build-container-build[0m
[36mINFO[0m[0000] Downloading base image open-liberty:javaee8-java12 
ERROR: logging before flag.Parse: E0930 09:44:13.594579       9 metadata.go:159] while reading 'google-dockercfg-url' metadata: http status code: 404 while fetching url http://metadata.google.internal./computeMetadata/v1/instance/attributes/google-dockercfg-url
ERROR: logging before flag.Parse: E0930 09:44:13.599977       9 metadata.go:142] while reading 'google-dockercfg' metadata: http status code: 404 while fetching url http://metadata.google.internal./computeMetadata/v1/instance/attributes/google-dockercfg
2019/09/30 09:44:13 No matching credentials were found, falling back on anonymous
[36mINFO[0m[0001] Error while retrieving image from cache: getting file info: stat /workspace/sha256:bd1da23d2d7dbbb1069acfed85885ced51c685c08a3742e1c9b3ea3ffb09b9e7: no such file or directory 
[36mINFO[0m[0001] Downloading base image open-liberty:javaee8-java12 
2019/09/30 09:44:14 No matching credentials were found, falling back on anonymous
[36mINFO[0m[0002] Using files from context: [/workspace/source/src/main/liberty/config] 
[36mINFO[0m[0002] Using files from context: [/workspace/source/target/coffee-shop.war] 
[36mINFO[0m[0002] Skipping unpacking as no commands require it. 
[36mINFO[0m[0002] Taking snapshot of full filesystem...        
[36mINFO[0m[0002] Using files from context: [/workspace/source/src/main/liberty/config] 
[36mINFO[0m[0002] COPY src/main/liberty/config/ /opt/ol/wlp/usr/servers/defaultServer/ 
[36mINFO[0m[0002] Taking snapshot of files...                  
[36mINFO[0m[0002] Using files from context: [/workspace/source/target/coffee-shop.war] 
[36mINFO[0m[0002] COPY target/*.war /opt/ol/wlp/usr/servers/defaultServer/apps/ 
[36mINFO[0m[0002] Taking snapshot of files...                  
2019/09/30 09:44:16 existing blob: sha256:5667fdb72017d1fb364744ca1abf7b6f3bbe9c98c3786f294a461c2866db69ab
2019/09/30 09:44:16 existing blob: sha256:3ab6e950cac5ee4dca030b691fbcbd473608dc0c30326246c59495131a33270d
2019/09/30 09:44:16 existing blob: sha256:58dbcfbb46c1c4f7a84bb599d3a25a71af7c801150fc36956a5d9631115aba07
2019/09/30 09:44:16 existing blob: sha256:dc9b3a9a996b08c37504d908d52276e23f4d52eab7adde52bbd79fc6f504f8cf
2019/09/30 09:44:16 existing blob: sha256:95e6604b1f9944d93edf2c5e09954509053b74f45b0c3ac3ee844002100a1ca8
2019/09/30 09:44:16 existing blob: sha256:ee671aafb583e2321880e275c94d49a49185006730e871435cd851f42d2a775d
2019/09/30 09:44:16 existing blob: sha256:d83811f270d56d34a208f721f3dbf1b9242d1900ad8981fc7071339681998a31
2019/09/30 09:44:16 existing blob: sha256:5711ffff20e96702f47079acefa4eed26159baf67d15ec507122f6d32a3faa8a
2019/09/30 09:44:16 existing blob: sha256:68868ee752fbfa08d88a682921762e51a290556b54359d0a50926b3d2152b395
2019/09/30 09:44:16 existing blob: sha256:77a4501cce4a66344d852415e2749b763057aabec4a35b8db5fb041480e7c6c0
2019/09/30 09:44:16 existing blob: sha256:7fc152dfb3a6b5c9a436b49ff6cd72ed7eb5f1fd349128b50ee04c3c5c2355fb
2019/09/30 09:44:19 pushed blob: sha256:446766a43b5fb78e17149b8dd8ede0e1572ad21363f26af6396e17454b0fd9f6
2019/09/30 09:44:19 pushed blob: sha256:4e547f6388fc9bab8a6df3937890947a4052c6c4d91f7bb4e1185b56fbecefe7
2019/09/30 09:44:20 pushed blob: sha256:52dc457d62f897ad4df3bf326c0f44e4bd3593459b82ef560d32ee6e220d657e
2019/09/30 09:44:22 gcr.io/testing-215306/zero-downtime-kubernetes:1.0.4: digest: sha256:768e50b43a2e33c44dae6c0aeb009bb96ec7836547ed7fafcf712dca11b56556 size: 2372

Showing logs for build [32msdaschner-zero-downtime-kuberne-hcwzm-5[0m stage [32mfrom-build-pack[0m and container [32mstep-build-post-build[0m
no CVE provider running in the current ** namespace so skip adding image to be analysed

Showing logs for build [32msdaschner-zero-downtime-kuberne-hcwzm-5[0m stage [32mfrom-build-pack[0m and container [32mstep-promote-changelog[0m
Converted /workspace/source/charts/zero-downtime-kubernetes to an unshallow repository
Generating change log from git ref 85242d8b05bbc1dc9b792b442295ab4917b36765 => 0cffb8b5dbfd64399d000aa1294ff109c1d08c9a
Associating user x-0 in users.jenkins.io with email git@sebastian-daschner.de to git GitProvider user with login -0 as emails match
Adding label jenkins.io/git-github-userid=-0 to user x-0 in users.jenkins.io
WARNING: Failed to enrich commit 921bfbafacd9effd72dbdf0e31352f6567035245 with issues: User.jenkins.io "x-0" is invalid: metadata.labels: Invalid value: "-0": a valid label must be an empty string or consist of alphanumeric characters, '-', '_' or '.', and must start and end with an alphanumeric character (e.g. 'MyValue',  or 'my_value',  or '12345', regex used for validation is '(([A-Za-z0-9][-A-Za-z0-9_.]*)?[A-Za-z0-9])?')
Associating user x-0 in users.jenkins.io with email git@sebastian-daschner.de to git GitProvider user with login -0 as emails match
Adding label jenkins.io/git-github-userid=-0 to user x-0 in users.jenkins.io
WARNING: Failed to enrich commit 921bfbafacd9effd72dbdf0e31352f6567035245 with issues: User.jenkins.io "x-0" is invalid: metadata.labels: Invalid value: "-0": a valid label must be an empty string or consist of alphanumeric characters, '-', '_' or '.', and must start and end with an alphanumeric character (e.g. 'MyValue',  or 'my_value',  or '12345', regex used for validation is '(([A-Za-z0-9][-A-Za-z0-9_.]*)?[A-Za-z0-9])?')
Finding issues in commit messages using git format
WARNING: No release found for *********/zero-downtime-kubernetes and tag v1.0.4 so creating a new release
Updated the release information at https://github.com/*********/zero-downtime-kubernetes/releases/tag/v1.0.4
generated: /workspace/source/charts/zero-downtime-kubernetes/templates/release.yaml
Created Release zero-downtime-kubernetes-1-0-4 resource in namespace **
Updating PipelineActivity *********-zero-downtime-kubernetes-master-5 with version 1.0.4
Updated PipelineActivities *********-zero-downtime-kubernetes-master-5 with release notes URL: https://github.com/*********/zero-downtime-kubernetes/releases/tag/v1.0.4

Showing logs for build [32msdaschner-zero-downtime-kuberne-hcwzm-5[0m stage [32mfrom-build-pack[0m and container [32mstep-promote-helm-release[0m
WARNING: No $CHART_REPOSITORY defined so using the default value of: http://jenkins-x-chartmuseum:8080
Adding missing Helm repo: storage.googleapis.com https://storage.googleapis.com/chartmuseum.jenkins-x.io
Successfully added Helm repository storage.googleapis.com.
Adding missing Helm repo: jenkins-x-chartmuseum http://jenkins-x-chartmuseum:8080
Successfully added Helm repository jenkins-x-chartmuseum.
WARNING: No $CHART_REPOSITORY defined so using the default value of: http://jenkins-x-chartmuseum:8080
Uploading chart file zero-downtime-kubernetes-1.0.4.tgz to http://jenkins-x-chartmuseum:8080/api/charts
Received 201 response: {"saved":true}

Showing logs for build [32msdaschner-zero-downtime-kuberne-hcwzm-5[0m stage [32mfrom-build-pack[0m and container [32mstep-promote-jx-promote[0m
WARNING: prow based install so skip waiting for the merge of Pull Requests to go green as currently there is an issue with gettingstatuses from the PR, see https://github.com/jenkins-x/**/issues/2410
Promoting app zero-downtime-kubernetes version 1.0.4 to namespace **-staging
Created Pull Request: https://github.com/*********/environment-standard-cluster-1-staging/pull/29
Pull Request https://github.com/*********/environment-standard-cluster-1-staging/pull/29 is merged at sha 20907496a40331bc8f200ef69c54f0ed0cd13ff0
Pull Request merged but we are not waiting for the update pipeline to complete!
